<?xml version="1.0" encoding="UTF-8"?>
<testng-results ignored="0" total="6" passed="0" failed="6" skipped="0">
  <reporter-output>
  </reporter-output>
  <suite started-at="2021-10-12T16:44:24 IST" name="Default suite" finished-at="2021-10-12T16:45:48 IST" duration-ms="84147">
    <groups>
      <group name="cucumber">
        <method signature="AbstractTestNGCucumberTests.runScenario(io.cucumber.testng.PickleWrapper, io.cucumber.testng.FeatureWrapper)[pri:0, instance:parallel.parallelRun@4e7912d8]" name="runScenario" class="io.cucumber.testng.AbstractTestNGCucumberTests"/>
      </group> <!-- cucumber -->
    </groups>
    <test started-at="2021-10-12T16:44:24 IST" name="Default test" finished-at="2021-10-12T16:45:48 IST" duration-ms="84147">
      <class name="parallel.parallelRun">
        <test-method is-config="true" signature="setUpClass(org.testng.ITestContext)[pri:0, instance:parallel.parallelRun@4e7912d8]" started-at="2021-10-12T16:44:24 IST" name="setUpClass" finished-at="2021-10-12T16:44:25 IST" duration-ms="838" status="PASS">
          <params>
            <param index="0">
              <value>
                <![CDATA[org.testng.TestRunner@607b2792]]>
              </value>
            </param>
          </params>
          <reporter-output>
          </reporter-output>
        </test-method> <!-- setUpClass -->
        <test-method signature="runScenario(io.cucumber.testng.PickleWrapper, io.cucumber.testng.FeatureWrapper)[pri:0, instance:parallel.parallelRun@4e7912d8]" started-at="2021-10-12T16:44:25 IST" name="runScenario" description="Runs Cucumber Scenarios" data-provider="scenarios" finished-at="2021-10-12T16:45:41 IST" duration-ms="75847" status="FAIL">
          <params>
            <param index="0">
              <value>
                <![CDATA["Forgot Password link"]]>
              </value>
            </param>
            <param index="1">
              <value>
                <![CDATA["Optional[Login page feature]"]]>
              </value>
            </param>
          </params>
          <exception class="org.openqa.selenium.WebDriverException">
            <message>
              <![CDATA[chrome not reachable
Build info: version: '3.141.59', revision: 'e82be7d358', time: '2018-11-14T08:17:03'
System info: host: 'DESKTOP-4HKD5C8', ip: '192.168.29.10', os.name: 'Windows 10', os.arch: 'amd64', os.version: '10.0', java.version: '11.0.11'
Driver info: driver.version: ChromeDriver
remote stacktrace: Backtrace:
Ordinal0 [0x007DBDE3+2473443]
Ordinal0 [0x00776661+2057825]
Ordinal0 [0x00682300+1057536]
Ordinal0 [0x00677275+1012341]
Ordinal0 [0x0069FE91+1179281]
Ordinal0 [0x0069C435+1164341]
Ordinal0 [0x00699CAF+1154223]
Ordinal0 [0x006C9ADF+1350367]
Ordinal0 [0x006C974A+1349450]
Ordinal0 [0x006C55AB+1332651]
Ordinal0 [0x006A2104+1188100]
Ordinal0 [0x006A2F59+1191769]
GetHandleVerifier [0x00962266+1549718]
GetHandleVerifier [0x00A0D4A7+2250711]
GetHandleVerifier [0x0086718B+521403]
GetHandleVerifier [0x00866229+517465]
Ordinal0 [0x0077B79D+2078621]
Ordinal0 [0x0077FB58+2095960]
Ordinal0 [0x0077FC92+2096274]
Ordinal0 [0x00789541+2135361]
BaseThreadInitThunk [0x7713FA29+25]
RtlGetAppContainerNamedObjectPath [0x77287A9E+286]
RtlGetAppContainerNamedObjectPath [0x77287A6E+238]
]]>
            </message>
            <full-stacktrace>
              <![CDATA[org.openqa.selenium.WebDriverException: chrome not reachable
Build info: version: '3.141.59', revision: 'e82be7d358', time: '2018-11-14T08:17:03'
System info: host: 'DESKTOP-4HKD5C8', ip: '192.168.29.10', os.name: 'Windows 10', os.arch: 'amd64', os.version: '10.0', java.version: '11.0.11'
Driver info: driver.version: ChromeDriver
remote stacktrace: Backtrace:
Ordinal0 [0x007DBDE3+2473443]
Ordinal0 [0x00776661+2057825]
Ordinal0 [0x00682300+1057536]
Ordinal0 [0x00677275+1012341]
Ordinal0 [0x0069FE91+1179281]
Ordinal0 [0x0069C435+1164341]
Ordinal0 [0x00699CAF+1154223]
Ordinal0 [0x006C9ADF+1350367]
Ordinal0 [0x006C974A+1349450]
Ordinal0 [0x006C55AB+1332651]
Ordinal0 [0x006A2104+1188100]
Ordinal0 [0x006A2F59+1191769]
GetHandleVerifier [0x00962266+1549718]
GetHandleVerifier [0x00A0D4A7+2250711]
GetHandleVerifier [0x0086718B+521403]
GetHandleVerifier [0x00866229+517465]
Ordinal0 [0x0077B79D+2078621]
Ordinal0 [0x0077FB58+2095960]
Ordinal0 [0x0077FC92+2096274]
Ordinal0 [0x00789541+2135361]
BaseThreadInitThunk [0x7713FA29+25]
RtlGetAppContainerNamedObjectPath [0x77287A9E+286]
RtlGetAppContainerNamedObjectPath [0x77287A6E+238]

at java.base/jdk.internal.reflect.NativeConstructorAccessorImpl.newInstance0(Native Method)
at java.base/jdk.internal.reflect.NativeConstructorAccessorImpl.newInstance(NativeConstructorAccessorImpl.java:62)
at java.base/jdk.internal.reflect.DelegatingConstructorAccessorImpl.newInstance(DelegatingConstructorAccessorImpl.java:45)
at java.base/java.lang.reflect.Constructor.newInstance(Constructor.java:490)
at org.openqa.selenium.remote.W3CHandshakeResponse.lambda$errorHandler$0(W3CHandshakeResponse.java:62)
at org.openqa.selenium.remote.HandshakeResponse.lambda$getResponseFunction$0(HandshakeResponse.java:30)
at org.openqa.selenium.remote.ProtocolHandshake.lambda$createSession$0(ProtocolHandshake.java:126)
at java.base/java.util.stream.ReferencePipeline$3$1.accept(ReferencePipeline.java:195)
at java.base/java.util.Spliterators$ArraySpliterator.tryAdvance(Spliterators.java:958)
at java.base/java.util.stream.ReferencePipeline.forEachWithCancel(ReferencePipeline.java:127)
at java.base/java.util.stream.AbstractPipeline.copyIntoWithCancel(AbstractPipeline.java:502)
at java.base/java.util.stream.AbstractPipeline.copyInto(AbstractPipeline.java:488)
at java.base/java.util.stream.AbstractPipeline.wrapAndCopyInto(AbstractPipeline.java:474)
at java.base/java.util.stream.FindOps$FindOp.evaluateSequential(FindOps.java:150)
at java.base/java.util.stream.AbstractPipeline.evaluate(AbstractPipeline.java:234)
at java.base/java.util.stream.ReferencePipeline.findFirst(ReferencePipeline.java:543)
at org.openqa.selenium.remote.ProtocolHandshake.createSession(ProtocolHandshake.java:128)
at org.openqa.selenium.remote.ProtocolHandshake.createSession(ProtocolHandshake.java:74)
at org.openqa.selenium.remote.HttpCommandExecutor.execute(HttpCommandExecutor.java:136)
at org.openqa.selenium.remote.service.DriverCommandExecutor.execute(DriverCommandExecutor.java:83)
at org.openqa.selenium.remote.RemoteWebDriver.execute(RemoteWebDriver.java:552)
at org.openqa.selenium.remote.RemoteWebDriver.startSession(RemoteWebDriver.java:213)
at org.openqa.selenium.remote.RemoteWebDriver.<init>(RemoteWebDriver.java:131)
at org.openqa.selenium.chrome.ChromeDriver.<init>(ChromeDriver.java:181)
at org.openqa.selenium.chrome.ChromeDriver.<init>(ChromeDriver.java:168)
at org.openqa.selenium.chrome.ChromeDriver.<init>(ChromeDriver.java:123)
at com.qa.factory.DriverFactory.init_driver(DriverFactory.java:29)
at parallel.ApplicationHooks.launchBrowser(ApplicationHooks.java:33)
]]>
            </full-stacktrace>
          </exception> <!-- org.openqa.selenium.WebDriverException -->
          <reporter-output>
          </reporter-output>
        </test-method> <!-- runScenario -->
        <test-method signature="runScenario(io.cucumber.testng.PickleWrapper, io.cucumber.testng.FeatureWrapper)[pri:0, instance:parallel.parallelRun@4e7912d8]" started-at="2021-10-12T16:44:25 IST" name="runScenario" description="Runs Cucumber Scenarios" data-provider="scenarios" finished-at="2021-10-12T16:45:41 IST" duration-ms="75847" status="FAIL">
          <params>
            <param index="0">
              <value>
                <![CDATA["Accounts page title"]]>
              </value>
            </param>
            <param index="1">
              <value>
                <![CDATA["Optional[Account Page Feature]"]]>
              </value>
            </param>
          </params>
          <exception class="org.openqa.selenium.WebDriverException">
            <message>
              <![CDATA[chrome not reachable
Build info: version: '3.141.59', revision: 'e82be7d358', time: '2018-11-14T08:17:03'
System info: host: 'DESKTOP-4HKD5C8', ip: '192.168.29.10', os.name: 'Windows 10', os.arch: 'amd64', os.version: '10.0', java.version: '11.0.11'
Driver info: driver.version: ChromeDriver
remote stacktrace: Backtrace:
Ordinal0 [0x007DBDE3+2473443]
Ordinal0 [0x00776661+2057825]
Ordinal0 [0x00682300+1057536]
Ordinal0 [0x00677275+1012341]
Ordinal0 [0x0069FE91+1179281]
Ordinal0 [0x0069C435+1164341]
Ordinal0 [0x00699CAF+1154223]
Ordinal0 [0x006C9ADF+1350367]
Ordinal0 [0x006C974A+1349450]
Ordinal0 [0x006C55AB+1332651]
Ordinal0 [0x006A2104+1188100]
Ordinal0 [0x006A2F59+1191769]
GetHandleVerifier [0x00962266+1549718]
GetHandleVerifier [0x00A0D4A7+2250711]
GetHandleVerifier [0x0086718B+521403]
GetHandleVerifier [0x00866229+517465]
Ordinal0 [0x0077B79D+2078621]
Ordinal0 [0x0077FB58+2095960]
Ordinal0 [0x0077FC92+2096274]
Ordinal0 [0x00789541+2135361]
BaseThreadInitThunk [0x7713FA29+25]
RtlGetAppContainerNamedObjectPath [0x77287A9E+286]
RtlGetAppContainerNamedObjectPath [0x77287A6E+238]
]]>
            </message>
            <full-stacktrace>
              <![CDATA[org.openqa.selenium.WebDriverException: chrome not reachable
Build info: version: '3.141.59', revision: 'e82be7d358', time: '2018-11-14T08:17:03'
System info: host: 'DESKTOP-4HKD5C8', ip: '192.168.29.10', os.name: 'Windows 10', os.arch: 'amd64', os.version: '10.0', java.version: '11.0.11'
Driver info: driver.version: ChromeDriver
remote stacktrace: Backtrace:
Ordinal0 [0x007DBDE3+2473443]
Ordinal0 [0x00776661+2057825]
Ordinal0 [0x00682300+1057536]
Ordinal0 [0x00677275+1012341]
Ordinal0 [0x0069FE91+1179281]
Ordinal0 [0x0069C435+1164341]
Ordinal0 [0x00699CAF+1154223]
Ordinal0 [0x006C9ADF+1350367]
Ordinal0 [0x006C974A+1349450]
Ordinal0 [0x006C55AB+1332651]
Ordinal0 [0x006A2104+1188100]
Ordinal0 [0x006A2F59+1191769]
GetHandleVerifier [0x00962266+1549718]
GetHandleVerifier [0x00A0D4A7+2250711]
GetHandleVerifier [0x0086718B+521403]
GetHandleVerifier [0x00866229+517465]
Ordinal0 [0x0077B79D+2078621]
Ordinal0 [0x0077FB58+2095960]
Ordinal0 [0x0077FC92+2096274]
Ordinal0 [0x00789541+2135361]
BaseThreadInitThunk [0x7713FA29+25]
RtlGetAppContainerNamedObjectPath [0x77287A9E+286]
RtlGetAppContainerNamedObjectPath [0x77287A6E+238]

at java.base/jdk.internal.reflect.NativeConstructorAccessorImpl.newInstance0(Native Method)
at java.base/jdk.internal.reflect.NativeConstructorAccessorImpl.newInstance(NativeConstructorAccessorImpl.java:62)
at java.base/jdk.internal.reflect.DelegatingConstructorAccessorImpl.newInstance(DelegatingConstructorAccessorImpl.java:45)
at java.base/java.lang.reflect.Constructor.newInstance(Constructor.java:490)
at org.openqa.selenium.remote.W3CHandshakeResponse.lambda$errorHandler$0(W3CHandshakeResponse.java:62)
at org.openqa.selenium.remote.HandshakeResponse.lambda$getResponseFunction$0(HandshakeResponse.java:30)
at org.openqa.selenium.remote.ProtocolHandshake.lambda$createSession$0(ProtocolHandshake.java:126)
at java.base/java.util.stream.ReferencePipeline$3$1.accept(ReferencePipeline.java:195)
at java.base/java.util.Spliterators$ArraySpliterator.tryAdvance(Spliterators.java:958)
at java.base/java.util.stream.ReferencePipeline.forEachWithCancel(ReferencePipeline.java:127)
at java.base/java.util.stream.AbstractPipeline.copyIntoWithCancel(AbstractPipeline.java:502)
at java.base/java.util.stream.AbstractPipeline.copyInto(AbstractPipeline.java:488)
at java.base/java.util.stream.AbstractPipeline.wrapAndCopyInto(AbstractPipeline.java:474)
at java.base/java.util.stream.FindOps$FindOp.evaluateSequential(FindOps.java:150)
at java.base/java.util.stream.AbstractPipeline.evaluate(AbstractPipeline.java:234)
at java.base/java.util.stream.ReferencePipeline.findFirst(ReferencePipeline.java:543)
at org.openqa.selenium.remote.ProtocolHandshake.createSession(ProtocolHandshake.java:128)
at org.openqa.selenium.remote.ProtocolHandshake.createSession(ProtocolHandshake.java:74)
at org.openqa.selenium.remote.HttpCommandExecutor.execute(HttpCommandExecutor.java:136)
at org.openqa.selenium.remote.service.DriverCommandExecutor.execute(DriverCommandExecutor.java:83)
at org.openqa.selenium.remote.RemoteWebDriver.execute(RemoteWebDriver.java:552)
at org.openqa.selenium.remote.RemoteWebDriver.startSession(RemoteWebDriver.java:213)
at org.openqa.selenium.remote.RemoteWebDriver.<init>(RemoteWebDriver.java:131)
at org.openqa.selenium.chrome.ChromeDriver.<init>(ChromeDriver.java:181)
at org.openqa.selenium.chrome.ChromeDriver.<init>(ChromeDriver.java:168)
at org.openqa.selenium.chrome.ChromeDriver.<init>(ChromeDriver.java:123)
at com.qa.factory.DriverFactory.init_driver(DriverFactory.java:29)
at parallel.ApplicationHooks.launchBrowser(ApplicationHooks.java:33)
]]>
            </full-stacktrace>
          </exception> <!-- org.openqa.selenium.WebDriverException -->
          <reporter-output>
          </reporter-output>
        </test-method> <!-- runScenario -->
        <test-method signature="runScenario(io.cucumber.testng.PickleWrapper, io.cucumber.testng.FeatureWrapper)[pri:0, instance:parallel.parallelRun@4e7912d8]" started-at="2021-10-12T16:44:25 IST" name="runScenario" description="Runs Cucumber Scenarios" data-provider="scenarios" finished-at="2021-10-12T16:45:41 IST" duration-ms="75847" status="FAIL">
          <params>
            <param index="0">
              <value>
                <![CDATA["Login page title"]]>
              </value>
            </param>
            <param index="1">
              <value>
                <![CDATA["Optional[Login page feature]"]]>
              </value>
            </param>
          </params>
          <exception class="org.openqa.selenium.WebDriverException">
            <message>
              <![CDATA[chrome not reachable
Build info: version: '3.141.59', revision: 'e82be7d358', time: '2018-11-14T08:17:03'
System info: host: 'DESKTOP-4HKD5C8', ip: '192.168.29.10', os.name: 'Windows 10', os.arch: 'amd64', os.version: '10.0', java.version: '11.0.11'
Driver info: driver.version: ChromeDriver
remote stacktrace: Backtrace:
Ordinal0 [0x007DBDE3+2473443]
Ordinal0 [0x00776661+2057825]
Ordinal0 [0x00682300+1057536]
Ordinal0 [0x00677275+1012341]
Ordinal0 [0x0069FE91+1179281]
Ordinal0 [0x0069C435+1164341]
Ordinal0 [0x00699CAF+1154223]
Ordinal0 [0x006C9ADF+1350367]
Ordinal0 [0x006C974A+1349450]
Ordinal0 [0x006C55AB+1332651]
Ordinal0 [0x006A2104+1188100]
Ordinal0 [0x006A2F59+1191769]
GetHandleVerifier [0x00962266+1549718]
GetHandleVerifier [0x00A0D4A7+2250711]
GetHandleVerifier [0x0086718B+521403]
GetHandleVerifier [0x00866229+517465]
Ordinal0 [0x0077B79D+2078621]
Ordinal0 [0x0077FB58+2095960]
Ordinal0 [0x0077FC92+2096274]
Ordinal0 [0x00789541+2135361]
BaseThreadInitThunk [0x7713FA29+25]
RtlGetAppContainerNamedObjectPath [0x77287A9E+286]
RtlGetAppContainerNamedObjectPath [0x77287A6E+238]
]]>
            </message>
            <full-stacktrace>
              <![CDATA[org.openqa.selenium.WebDriverException: chrome not reachable
Build info: version: '3.141.59', revision: 'e82be7d358', time: '2018-11-14T08:17:03'
System info: host: 'DESKTOP-4HKD5C8', ip: '192.168.29.10', os.name: 'Windows 10', os.arch: 'amd64', os.version: '10.0', java.version: '11.0.11'
Driver info: driver.version: ChromeDriver
remote stacktrace: Backtrace:
Ordinal0 [0x007DBDE3+2473443]
Ordinal0 [0x00776661+2057825]
Ordinal0 [0x00682300+1057536]
Ordinal0 [0x00677275+1012341]
Ordinal0 [0x0069FE91+1179281]
Ordinal0 [0x0069C435+1164341]
Ordinal0 [0x00699CAF+1154223]
Ordinal0 [0x006C9ADF+1350367]
Ordinal0 [0x006C974A+1349450]
Ordinal0 [0x006C55AB+1332651]
Ordinal0 [0x006A2104+1188100]
Ordinal0 [0x006A2F59+1191769]
GetHandleVerifier [0x00962266+1549718]
GetHandleVerifier [0x00A0D4A7+2250711]
GetHandleVerifier [0x0086718B+521403]
GetHandleVerifier [0x00866229+517465]
Ordinal0 [0x0077B79D+2078621]
Ordinal0 [0x0077FB58+2095960]
Ordinal0 [0x0077FC92+2096274]
Ordinal0 [0x00789541+2135361]
BaseThreadInitThunk [0x7713FA29+25]
RtlGetAppContainerNamedObjectPath [0x77287A9E+286]
RtlGetAppContainerNamedObjectPath [0x77287A6E+238]

at java.base/jdk.internal.reflect.NativeConstructorAccessorImpl.newInstance0(Native Method)
at java.base/jdk.internal.reflect.NativeConstructorAccessorImpl.newInstance(NativeConstructorAccessorImpl.java:62)
at java.base/jdk.internal.reflect.DelegatingConstructorAccessorImpl.newInstance(DelegatingConstructorAccessorImpl.java:45)
at java.base/java.lang.reflect.Constructor.newInstance(Constructor.java:490)
at org.openqa.selenium.remote.W3CHandshakeResponse.lambda$errorHandler$0(W3CHandshakeResponse.java:62)
at org.openqa.selenium.remote.HandshakeResponse.lambda$getResponseFunction$0(HandshakeResponse.java:30)
at org.openqa.selenium.remote.ProtocolHandshake.lambda$createSession$0(ProtocolHandshake.java:126)
at java.base/java.util.stream.ReferencePipeline$3$1.accept(ReferencePipeline.java:195)
at java.base/java.util.Spliterators$ArraySpliterator.tryAdvance(Spliterators.java:958)
at java.base/java.util.stream.ReferencePipeline.forEachWithCancel(ReferencePipeline.java:127)
at java.base/java.util.stream.AbstractPipeline.copyIntoWithCancel(AbstractPipeline.java:502)
at java.base/java.util.stream.AbstractPipeline.copyInto(AbstractPipeline.java:488)
at java.base/java.util.stream.AbstractPipeline.wrapAndCopyInto(AbstractPipeline.java:474)
at java.base/java.util.stream.FindOps$FindOp.evaluateSequential(FindOps.java:150)
at java.base/java.util.stream.AbstractPipeline.evaluate(AbstractPipeline.java:234)
at java.base/java.util.stream.ReferencePipeline.findFirst(ReferencePipeline.java:543)
at org.openqa.selenium.remote.ProtocolHandshake.createSession(ProtocolHandshake.java:128)
at org.openqa.selenium.remote.ProtocolHandshake.createSession(ProtocolHandshake.java:74)
at org.openqa.selenium.remote.HttpCommandExecutor.execute(HttpCommandExecutor.java:136)
at org.openqa.selenium.remote.service.DriverCommandExecutor.execute(DriverCommandExecutor.java:83)
at org.openqa.selenium.remote.RemoteWebDriver.execute(RemoteWebDriver.java:552)
at org.openqa.selenium.remote.RemoteWebDriver.startSession(RemoteWebDriver.java:213)
at org.openqa.selenium.remote.RemoteWebDriver.<init>(RemoteWebDriver.java:131)
at org.openqa.selenium.chrome.ChromeDriver.<init>(ChromeDriver.java:181)
at org.openqa.selenium.chrome.ChromeDriver.<init>(ChromeDriver.java:168)
at org.openqa.selenium.chrome.ChromeDriver.<init>(ChromeDriver.java:123)
at com.qa.factory.DriverFactory.init_driver(DriverFactory.java:29)
at parallel.ApplicationHooks.launchBrowser(ApplicationHooks.java:33)
]]>
            </full-stacktrace>
          </exception> <!-- org.openqa.selenium.WebDriverException -->
          <reporter-output>
          </reporter-output>
        </test-method> <!-- runScenario -->
        <test-method signature="runScenario(io.cucumber.testng.PickleWrapper, io.cucumber.testng.FeatureWrapper)[pri:0, instance:parallel.parallelRun@4e7912d8]" started-at="2021-10-12T16:44:25 IST" name="runScenario" description="Runs Cucumber Scenarios" data-provider="scenarios" finished-at="2021-10-12T16:45:41 IST" duration-ms="75847" status="FAIL">
          <params>
            <param index="0">
              <value>
                <![CDATA["Login with correct credentials"]]>
              </value>
            </param>
            <param index="1">
              <value>
                <![CDATA["Optional[Login page feature]"]]>
              </value>
            </param>
          </params>
          <exception class="org.openqa.selenium.WebDriverException">
            <message>
              <![CDATA[chrome not reachable
Build info: version: '3.141.59', revision: 'e82be7d358', time: '2018-11-14T08:17:03'
System info: host: 'DESKTOP-4HKD5C8', ip: '192.168.29.10', os.name: 'Windows 10', os.arch: 'amd64', os.version: '10.0', java.version: '11.0.11'
Driver info: driver.version: ChromeDriver
remote stacktrace: Backtrace:
Ordinal0 [0x007DBDE3+2473443]
Ordinal0 [0x00776661+2057825]
Ordinal0 [0x00682300+1057536]
Ordinal0 [0x00677275+1012341]
Ordinal0 [0x0069FE91+1179281]
Ordinal0 [0x0069C435+1164341]
Ordinal0 [0x00699CAF+1154223]
Ordinal0 [0x006C9ADF+1350367]
Ordinal0 [0x006C974A+1349450]
Ordinal0 [0x006C55AB+1332651]
Ordinal0 [0x006A2104+1188100]
Ordinal0 [0x006A2F59+1191769]
GetHandleVerifier [0x00962266+1549718]
GetHandleVerifier [0x00A0D4A7+2250711]
GetHandleVerifier [0x0086718B+521403]
GetHandleVerifier [0x00866229+517465]
Ordinal0 [0x0077B79D+2078621]
Ordinal0 [0x0077FB58+2095960]
Ordinal0 [0x0077FC92+2096274]
Ordinal0 [0x00789541+2135361]
BaseThreadInitThunk [0x7713FA29+25]
RtlGetAppContainerNamedObjectPath [0x77287A9E+286]
RtlGetAppContainerNamedObjectPath [0x77287A6E+238]
]]>
            </message>
            <full-stacktrace>
              <![CDATA[org.openqa.selenium.WebDriverException: chrome not reachable
Build info: version: '3.141.59', revision: 'e82be7d358', time: '2018-11-14T08:17:03'
System info: host: 'DESKTOP-4HKD5C8', ip: '192.168.29.10', os.name: 'Windows 10', os.arch: 'amd64', os.version: '10.0', java.version: '11.0.11'
Driver info: driver.version: ChromeDriver
remote stacktrace: Backtrace:
Ordinal0 [0x007DBDE3+2473443]
Ordinal0 [0x00776661+2057825]
Ordinal0 [0x00682300+1057536]
Ordinal0 [0x00677275+1012341]
Ordinal0 [0x0069FE91+1179281]
Ordinal0 [0x0069C435+1164341]
Ordinal0 [0x00699CAF+1154223]
Ordinal0 [0x006C9ADF+1350367]
Ordinal0 [0x006C974A+1349450]
Ordinal0 [0x006C55AB+1332651]
Ordinal0 [0x006A2104+1188100]
Ordinal0 [0x006A2F59+1191769]
GetHandleVerifier [0x00962266+1549718]
GetHandleVerifier [0x00A0D4A7+2250711]
GetHandleVerifier [0x0086718B+521403]
GetHandleVerifier [0x00866229+517465]
Ordinal0 [0x0077B79D+2078621]
Ordinal0 [0x0077FB58+2095960]
Ordinal0 [0x0077FC92+2096274]
Ordinal0 [0x00789541+2135361]
BaseThreadInitThunk [0x7713FA29+25]
RtlGetAppContainerNamedObjectPath [0x77287A9E+286]
RtlGetAppContainerNamedObjectPath [0x77287A6E+238]

at java.base/jdk.internal.reflect.NativeConstructorAccessorImpl.newInstance0(Native Method)
at java.base/jdk.internal.reflect.NativeConstructorAccessorImpl.newInstance(NativeConstructorAccessorImpl.java:62)
at java.base/jdk.internal.reflect.DelegatingConstructorAccessorImpl.newInstance(DelegatingConstructorAccessorImpl.java:45)
at java.base/java.lang.reflect.Constructor.newInstance(Constructor.java:490)
at org.openqa.selenium.remote.W3CHandshakeResponse.lambda$errorHandler$0(W3CHandshakeResponse.java:62)
at org.openqa.selenium.remote.HandshakeResponse.lambda$getResponseFunction$0(HandshakeResponse.java:30)
at org.openqa.selenium.remote.ProtocolHandshake.lambda$createSession$0(ProtocolHandshake.java:126)
at java.base/java.util.stream.ReferencePipeline$3$1.accept(ReferencePipeline.java:195)
at java.base/java.util.Spliterators$ArraySpliterator.tryAdvance(Spliterators.java:958)
at java.base/java.util.stream.ReferencePipeline.forEachWithCancel(ReferencePipeline.java:127)
at java.base/java.util.stream.AbstractPipeline.copyIntoWithCancel(AbstractPipeline.java:502)
at java.base/java.util.stream.AbstractPipeline.copyInto(AbstractPipeline.java:488)
at java.base/java.util.stream.AbstractPipeline.wrapAndCopyInto(AbstractPipeline.java:474)
at java.base/java.util.stream.FindOps$FindOp.evaluateSequential(FindOps.java:150)
at java.base/java.util.stream.AbstractPipeline.evaluate(AbstractPipeline.java:234)
at java.base/java.util.stream.ReferencePipeline.findFirst(ReferencePipeline.java:543)
at org.openqa.selenium.remote.ProtocolHandshake.createSession(ProtocolHandshake.java:128)
at org.openqa.selenium.remote.ProtocolHandshake.createSession(ProtocolHandshake.java:74)
at org.openqa.selenium.remote.HttpCommandExecutor.execute(HttpCommandExecutor.java:136)
at org.openqa.selenium.remote.service.DriverCommandExecutor.execute(DriverCommandExecutor.java:83)
at org.openqa.selenium.remote.RemoteWebDriver.execute(RemoteWebDriver.java:552)
at org.openqa.selenium.remote.RemoteWebDriver.startSession(RemoteWebDriver.java:213)
at org.openqa.selenium.remote.RemoteWebDriver.<init>(RemoteWebDriver.java:131)
at org.openqa.selenium.chrome.ChromeDriver.<init>(ChromeDriver.java:181)
at org.openqa.selenium.chrome.ChromeDriver.<init>(ChromeDriver.java:168)
at org.openqa.selenium.chrome.ChromeDriver.<init>(ChromeDriver.java:123)
at com.qa.factory.DriverFactory.init_driver(DriverFactory.java:29)
at parallel.ApplicationHooks.launchBrowser(ApplicationHooks.java:33)
]]>
            </full-stacktrace>
          </exception> <!-- org.openqa.selenium.WebDriverException -->
          <reporter-output>
          </reporter-output>
        </test-method> <!-- runScenario -->
        <test-method signature="runScenario(io.cucumber.testng.PickleWrapper, io.cucumber.testng.FeatureWrapper)[pri:0, instance:parallel.parallelRun@4e7912d8]" started-at="2021-10-12T16:44:25 IST" name="runScenario" description="Runs Cucumber Scenarios" data-provider="scenarios" finished-at="2021-10-12T16:45:41 IST" duration-ms="75847" status="FAIL">
          <params>
            <param index="0">
              <value>
                <![CDATA["Login with incorrect credentials"]]>
              </value>
            </param>
            <param index="1">
              <value>
                <![CDATA["Optional[Login page feature]"]]>
              </value>
            </param>
          </params>
          <exception class="org.openqa.selenium.WebDriverException">
            <message>
              <![CDATA[chrome not reachable
Build info: version: '3.141.59', revision: 'e82be7d358', time: '2018-11-14T08:17:03'
System info: host: 'DESKTOP-4HKD5C8', ip: '192.168.29.10', os.name: 'Windows 10', os.arch: 'amd64', os.version: '10.0', java.version: '11.0.11'
Driver info: driver.version: ChromeDriver
remote stacktrace: Backtrace:
Ordinal0 [0x007DBDE3+2473443]
Ordinal0 [0x00776661+2057825]
Ordinal0 [0x00682300+1057536]
Ordinal0 [0x00677275+1012341]
Ordinal0 [0x0069FE91+1179281]
Ordinal0 [0x0069C435+1164341]
Ordinal0 [0x00699CAF+1154223]
Ordinal0 [0x006C9ADF+1350367]
Ordinal0 [0x006C974A+1349450]
Ordinal0 [0x006C55AB+1332651]
Ordinal0 [0x006A2104+1188100]
Ordinal0 [0x006A2F59+1191769]
GetHandleVerifier [0x00962266+1549718]
GetHandleVerifier [0x00A0D4A7+2250711]
GetHandleVerifier [0x0086718B+521403]
GetHandleVerifier [0x00866229+517465]
Ordinal0 [0x0077B79D+2078621]
Ordinal0 [0x0077FB58+2095960]
Ordinal0 [0x0077FC92+2096274]
Ordinal0 [0x00789541+2135361]
BaseThreadInitThunk [0x7713FA29+25]
RtlGetAppContainerNamedObjectPath [0x77287A9E+286]
RtlGetAppContainerNamedObjectPath [0x77287A6E+238]
]]>
            </message>
            <full-stacktrace>
              <![CDATA[org.openqa.selenium.WebDriverException: chrome not reachable
Build info: version: '3.141.59', revision: 'e82be7d358', time: '2018-11-14T08:17:03'
System info: host: 'DESKTOP-4HKD5C8', ip: '192.168.29.10', os.name: 'Windows 10', os.arch: 'amd64', os.version: '10.0', java.version: '11.0.11'
Driver info: driver.version: ChromeDriver
remote stacktrace: Backtrace:
Ordinal0 [0x007DBDE3+2473443]
Ordinal0 [0x00776661+2057825]
Ordinal0 [0x00682300+1057536]
Ordinal0 [0x00677275+1012341]
Ordinal0 [0x0069FE91+1179281]
Ordinal0 [0x0069C435+1164341]
Ordinal0 [0x00699CAF+1154223]
Ordinal0 [0x006C9ADF+1350367]
Ordinal0 [0x006C974A+1349450]
Ordinal0 [0x006C55AB+1332651]
Ordinal0 [0x006A2104+1188100]
Ordinal0 [0x006A2F59+1191769]
GetHandleVerifier [0x00962266+1549718]
GetHandleVerifier [0x00A0D4A7+2250711]
GetHandleVerifier [0x0086718B+521403]
GetHandleVerifier [0x00866229+517465]
Ordinal0 [0x0077B79D+2078621]
Ordinal0 [0x0077FB58+2095960]
Ordinal0 [0x0077FC92+2096274]
Ordinal0 [0x00789541+2135361]
BaseThreadInitThunk [0x7713FA29+25]
RtlGetAppContainerNamedObjectPath [0x77287A9E+286]
RtlGetAppContainerNamedObjectPath [0x77287A6E+238]

at java.base/jdk.internal.reflect.NativeConstructorAccessorImpl.newInstance0(Native Method)
at java.base/jdk.internal.reflect.NativeConstructorAccessorImpl.newInstance(NativeConstructorAccessorImpl.java:62)
at java.base/jdk.internal.reflect.DelegatingConstructorAccessorImpl.newInstance(DelegatingConstructorAccessorImpl.java:45)
at java.base/java.lang.reflect.Constructor.newInstance(Constructor.java:490)
at org.openqa.selenium.remote.W3CHandshakeResponse.lambda$errorHandler$0(W3CHandshakeResponse.java:62)
at org.openqa.selenium.remote.HandshakeResponse.lambda$getResponseFunction$0(HandshakeResponse.java:30)
at org.openqa.selenium.remote.ProtocolHandshake.lambda$createSession$0(ProtocolHandshake.java:126)
at java.base/java.util.stream.ReferencePipeline$3$1.accept(ReferencePipeline.java:195)
at java.base/java.util.Spliterators$ArraySpliterator.tryAdvance(Spliterators.java:958)
at java.base/java.util.stream.ReferencePipeline.forEachWithCancel(ReferencePipeline.java:127)
at java.base/java.util.stream.AbstractPipeline.copyIntoWithCancel(AbstractPipeline.java:502)
at java.base/java.util.stream.AbstractPipeline.copyInto(AbstractPipeline.java:488)
at java.base/java.util.stream.AbstractPipeline.wrapAndCopyInto(AbstractPipeline.java:474)
at java.base/java.util.stream.FindOps$FindOp.evaluateSequential(FindOps.java:150)
at java.base/java.util.stream.AbstractPipeline.evaluate(AbstractPipeline.java:234)
at java.base/java.util.stream.ReferencePipeline.findFirst(ReferencePipeline.java:543)
at org.openqa.selenium.remote.ProtocolHandshake.createSession(ProtocolHandshake.java:128)
at org.openqa.selenium.remote.ProtocolHandshake.createSession(ProtocolHandshake.java:74)
at org.openqa.selenium.remote.HttpCommandExecutor.execute(HttpCommandExecutor.java:136)
at org.openqa.selenium.remote.service.DriverCommandExecutor.execute(DriverCommandExecutor.java:83)
at org.openqa.selenium.remote.RemoteWebDriver.execute(RemoteWebDriver.java:552)
at org.openqa.selenium.remote.RemoteWebDriver.startSession(RemoteWebDriver.java:213)
at org.openqa.selenium.remote.RemoteWebDriver.<init>(RemoteWebDriver.java:131)
at org.openqa.selenium.chrome.ChromeDriver.<init>(ChromeDriver.java:181)
at org.openqa.selenium.chrome.ChromeDriver.<init>(ChromeDriver.java:168)
at org.openqa.selenium.chrome.ChromeDriver.<init>(ChromeDriver.java:123)
at com.qa.factory.DriverFactory.init_driver(DriverFactory.java:29)
at parallel.ApplicationHooks.launchBrowser(ApplicationHooks.java:33)
]]>
            </full-stacktrace>
          </exception> <!-- org.openqa.selenium.WebDriverException -->
          <reporter-output>
          </reporter-output>
        </test-method> <!-- runScenario -->
        <test-method signature="runScenario(io.cucumber.testng.PickleWrapper, io.cucumber.testng.FeatureWrapper)[pri:0, instance:parallel.parallelRun@4e7912d8]" started-at="2021-10-12T16:44:25 IST" name="runScenario" description="Runs Cucumber Scenarios" data-provider="scenarios" finished-at="2021-10-12T16:45:41 IST" duration-ms="75847" status="FAIL">
          <params>
            <param index="0">
              <value>
                <![CDATA["Accounts section count"]]>
              </value>
            </param>
            <param index="1">
              <value>
                <![CDATA["Optional[Account Page Feature]"]]>
              </value>
            </param>
          </params>
          <exception class="org.openqa.selenium.WebDriverException">
            <message>
              <![CDATA[chrome not reachable
Build info: version: '3.141.59', revision: 'e82be7d358', time: '2018-11-14T08:17:03'
System info: host: 'DESKTOP-4HKD5C8', ip: '192.168.29.10', os.name: 'Windows 10', os.arch: 'amd64', os.version: '10.0', java.version: '11.0.11'
Driver info: driver.version: ChromeDriver
remote stacktrace: Backtrace:
Ordinal0 [0x007DBDE3+2473443]
Ordinal0 [0x00776661+2057825]
Ordinal0 [0x00682300+1057536]
Ordinal0 [0x00677275+1012341]
Ordinal0 [0x0069FE91+1179281]
Ordinal0 [0x0069C435+1164341]
Ordinal0 [0x00699CAF+1154223]
Ordinal0 [0x006C9ADF+1350367]
Ordinal0 [0x006C974A+1349450]
Ordinal0 [0x006C55AB+1332651]
Ordinal0 [0x006A2104+1188100]
Ordinal0 [0x006A2F59+1191769]
GetHandleVerifier [0x00962266+1549718]
GetHandleVerifier [0x00A0D4A7+2250711]
GetHandleVerifier [0x0086718B+521403]
GetHandleVerifier [0x00866229+517465]
Ordinal0 [0x0077B79D+2078621]
Ordinal0 [0x0077FB58+2095960]
Ordinal0 [0x0077FC92+2096274]
Ordinal0 [0x00789541+2135361]
BaseThreadInitThunk [0x7713FA29+25]
RtlGetAppContainerNamedObjectPath [0x77287A9E+286]
RtlGetAppContainerNamedObjectPath [0x77287A6E+238]
]]>
            </message>
            <full-stacktrace>
              <![CDATA[org.openqa.selenium.WebDriverException: chrome not reachable
Build info: version: '3.141.59', revision: 'e82be7d358', time: '2018-11-14T08:17:03'
System info: host: 'DESKTOP-4HKD5C8', ip: '192.168.29.10', os.name: 'Windows 10', os.arch: 'amd64', os.version: '10.0', java.version: '11.0.11'
Driver info: driver.version: ChromeDriver
remote stacktrace: Backtrace:
Ordinal0 [0x007DBDE3+2473443]
Ordinal0 [0x00776661+2057825]
Ordinal0 [0x00682300+1057536]
Ordinal0 [0x00677275+1012341]
Ordinal0 [0x0069FE91+1179281]
Ordinal0 [0x0069C435+1164341]
Ordinal0 [0x00699CAF+1154223]
Ordinal0 [0x006C9ADF+1350367]
Ordinal0 [0x006C974A+1349450]
Ordinal0 [0x006C55AB+1332651]
Ordinal0 [0x006A2104+1188100]
Ordinal0 [0x006A2F59+1191769]
GetHandleVerifier [0x00962266+1549718]
GetHandleVerifier [0x00A0D4A7+2250711]
GetHandleVerifier [0x0086718B+521403]
GetHandleVerifier [0x00866229+517465]
Ordinal0 [0x0077B79D+2078621]
Ordinal0 [0x0077FB58+2095960]
Ordinal0 [0x0077FC92+2096274]
Ordinal0 [0x00789541+2135361]
BaseThreadInitThunk [0x7713FA29+25]
RtlGetAppContainerNamedObjectPath [0x77287A9E+286]
RtlGetAppContainerNamedObjectPath [0x77287A6E+238]

at java.base/jdk.internal.reflect.NativeConstructorAccessorImpl.newInstance0(Native Method)
at java.base/jdk.internal.reflect.NativeConstructorAccessorImpl.newInstance(NativeConstructorAccessorImpl.java:62)
at java.base/jdk.internal.reflect.DelegatingConstructorAccessorImpl.newInstance(DelegatingConstructorAccessorImpl.java:45)
at java.base/java.lang.reflect.Constructor.newInstance(Constructor.java:490)
at org.openqa.selenium.remote.W3CHandshakeResponse.lambda$errorHandler$0(W3CHandshakeResponse.java:62)
at org.openqa.selenium.remote.HandshakeResponse.lambda$getResponseFunction$0(HandshakeResponse.java:30)
at org.openqa.selenium.remote.ProtocolHandshake.lambda$createSession$0(ProtocolHandshake.java:126)
at java.base/java.util.stream.ReferencePipeline$3$1.accept(ReferencePipeline.java:195)
at java.base/java.util.Spliterators$ArraySpliterator.tryAdvance(Spliterators.java:958)
at java.base/java.util.stream.ReferencePipeline.forEachWithCancel(ReferencePipeline.java:127)
at java.base/java.util.stream.AbstractPipeline.copyIntoWithCancel(AbstractPipeline.java:502)
at java.base/java.util.stream.AbstractPipeline.copyInto(AbstractPipeline.java:488)
at java.base/java.util.stream.AbstractPipeline.wrapAndCopyInto(AbstractPipeline.java:474)
at java.base/java.util.stream.FindOps$FindOp.evaluateSequential(FindOps.java:150)
at java.base/java.util.stream.AbstractPipeline.evaluate(AbstractPipeline.java:234)
at java.base/java.util.stream.ReferencePipeline.findFirst(ReferencePipeline.java:543)
at org.openqa.selenium.remote.ProtocolHandshake.createSession(ProtocolHandshake.java:128)
at org.openqa.selenium.remote.ProtocolHandshake.createSession(ProtocolHandshake.java:74)
at org.openqa.selenium.remote.HttpCommandExecutor.execute(HttpCommandExecutor.java:136)
at org.openqa.selenium.remote.service.DriverCommandExecutor.execute(DriverCommandExecutor.java:83)
at org.openqa.selenium.remote.RemoteWebDriver.execute(RemoteWebDriver.java:552)
at org.openqa.selenium.remote.RemoteWebDriver.startSession(RemoteWebDriver.java:213)
at org.openqa.selenium.remote.RemoteWebDriver.<init>(RemoteWebDriver.java:131)
at org.openqa.selenium.chrome.ChromeDriver.<init>(ChromeDriver.java:181)
at org.openqa.selenium.chrome.ChromeDriver.<init>(ChromeDriver.java:168)
at org.openqa.selenium.chrome.ChromeDriver.<init>(ChromeDriver.java:123)
at com.qa.factory.DriverFactory.init_driver(DriverFactory.java:29)
at parallel.ApplicationHooks.launchBrowser(ApplicationHooks.java:33)
]]>
            </full-stacktrace>
          </exception> <!-- org.openqa.selenium.WebDriverException -->
          <reporter-output>
          </reporter-output>
        </test-method> <!-- runScenario -->
        <test-method is-config="true" signature="tearDownClass()[pri:0, instance:parallel.parallelRun@4e7912d8]" started-at="2021-10-12T16:45:41 IST" name="tearDownClass" finished-at="2021-10-12T16:45:48 IST" duration-ms="7157" status="PASS">
          <reporter-output>
          </reporter-output>
        </test-method> <!-- tearDownClass -->
      </class> <!-- parallel.parallelRun -->
    </test> <!-- Default test -->
  </suite> <!-- Default suite -->
</testng-results>
